<?xml version="1.0" encoding="UTF-8"?>
<testsuite xmlns:xsi="http://www.w3.org/2001/XMLSchema-instance" xsi:noNamespaceSchemaLocation="https://maven.apache.org/surefire/maven-surefire-plugin/xsd/surefire-test-report-3.0.xsd" version="3.0" name="com.fifthlab.springtasks.controller.TaskControllerTest" time="17.614" tests="4" errors="0" skipped="0" failures="0">
  <properties>
[...]
</properties>
  <testcase name="testSaveTask" classname="com.fifthlab.springtasks.controller.TaskControllerTest" time="0.849">
    <system-out><![CDATA[05:43:11.618 [main] INFO org.springframework.test.context.support.AnnotationConfigContextLoaderUtils -- Could not detect default configuration classes for test class [com.fifthlab.springtasks.controller.TaskControllerTest]: TaskControllerTest does not declare any static, non-private, non-final, nested classes annotated with @Configuration.
05:43:12.191 [main] INFO org.springframework.boot.test.context.SpringBootTestContextBootstrapper -- Found @SpringBootConfiguration com.fifthlab.springtasks.SpringTasksApplication for test class com.fifthlab.springtasks.controller.TaskControllerTest
05:43:12.628 [main] INFO org.springframework.boot.devtools.restart.RestartApplicationListener -- Restart disabled due to context in which it is running

  .   ____          _            __ _ _
 /\\ / ___'_ __ _ _(_)_ __  __ _ \ \ \ \
( ( )\___ | '_ | '_| | '_ \/ _` | \ \ \ \
 \\/  ___)| |_)| | | | | || (_| |  ) ) ) )
  '  |____| .__|_| |_|_| |_\__, | / / / /
 =========|_|==============|___/=/_/_/_/
 :: Spring Boot ::                (v3.2.3)

2026-03-09T05:43:13.810+01:00  INFO 17036 --- [SpringTasks] [           main] c.f.s.controller.TaskControllerTest      : Starting TaskControllerTest using Java 17.0.11 with PID 17036 (started by Ediomo Emma Effiong in C:\Users\Ediomo Emma Effiong\Documents\FifthLab\Projects\SpringTasks)
2026-03-09T05:43:13.815+01:00  INFO 17036 --- [SpringTasks] [           main] c.f.s.controller.TaskControllerTest      : No active profile set, falling back to 1 default profile: "default"
2026-03-09T05:43:20.467+01:00  INFO 17036 --- [SpringTasks] [           main] o.s.b.a.w.s.WelcomePageHandlerMapping    : Adding welcome page template: index
2026-03-09T05:43:21.985+01:00  WARN 17036 --- [SpringTasks] [           main] .s.s.UserDetailsServiceAutoConfiguration : 

Using generated security password: ca3da4d1-71e9-4ebe-ad65-1de28b2593cc

This generated password is for development use only. Your security configuration must be updated before running your application in production.

2026-03-09T05:43:22.574+01:00  INFO 17036 --- [SpringTasks] [           main] o.s.s.web.DefaultSecurityFilterChain     : Will secure any request with [org.springframework.security.web.session.DisableEncodeUrlFilter@3c9f4376, org.springframework.security.web.context.request.async.WebAsyncManagerIntegrationFilter@308a9264, org.springframework.security.web.context.SecurityContextHolderFilter@95cecc5, org.springframework.security.web.header.HeaderWriterFilter@1bbb42b4, org.springframework.web.filter.CorsFilter@7da77305, org.springframework.security.web.csrf.CsrfFilter@fd4459b, org.springframework.security.web.authentication.logout.LogoutFilter@177ddd24, org.springframework.security.web.authentication.UsernamePasswordAuthenticationFilter@33f349ae, org.springframework.security.web.authentication.ui.DefaultLoginPageGeneratingFilter@4d2f9e3c, org.springframework.security.web.authentication.ui.DefaultLogoutPageGeneratingFilter@3cdfbbef, org.springframework.security.web.authentication.www.BasicAuthenticationFilter@31e7afde, org.springframework.security.web.savedrequest.RequestCacheAwareFilter@b86cb18, org.springframework.security.web.servletapi.SecurityContextHolderAwareRequestFilter@29c244e, org.springframework.security.web.authentication.AnonymousAuthenticationFilter@7a1ddbf1, org.springframework.security.web.access.ExceptionTranslationFilter@7ab1ad9, org.springframework.security.web.access.intercept.AuthorizationFilter@574ebdaf]
2026-03-09T05:43:22.873+01:00  INFO 17036 --- [SpringTasks] [           main] o.s.b.t.m.w.SpringBootMockServletContext : Initializing Spring TestDispatcherServlet ''
2026-03-09T05:43:22.881+01:00  INFO 17036 --- [SpringTasks] [           main] o.s.t.web.servlet.TestDispatcherServlet  : Initializing Servlet ''
2026-03-09T05:43:22.886+01:00  INFO 17036 --- [SpringTasks] [           main] o.s.t.web.servlet.TestDispatcherServlet  : Completed initialization in 2 ms
2026-03-09T05:43:22.990+01:00  INFO 17036 --- [SpringTasks] [           main] c.f.s.controller.TaskControllerTest      : Started TaskControllerTest in 10.404 seconds (process running for 13.48)
]]></system-out>
  </testcase>
  <testcase name="testSaveTaskValidationError" classname="com.fifthlab.springtasks.controller.TaskControllerTest" time="3.989"/>
  <testcase name="testIndex" classname="com.fifthlab.springtasks.controller.TaskControllerTest" time="0.149"/>
  <testcase name="testDashboard" classname="com.fifthlab.springtasks.controller.TaskControllerTest" time="0.526"/>
</testsuite>